2025-07-15 10:21:38 INFO  [TestNG-test-debug-1] com.darkuros.selenium.base.BaseTest -
				Current driver URL: https://rahulshettyacademy.com/client/#/auth/login
2025-07-15 10:21:38 INFO  [TestNG-test-debug-1] c.d.s.utils.FrameworkHealthChecker -
				[ LoginTest.setup() ] WebDriver ready: ChromeDriver: chrome on windows (c98e58a63fdd6eb58f346d70a1955d75)
2025-07-15 10:21:38 DEBUG [TestNG-test-debug-1] c.d.s.utils.FrameworkHealthChecker -
				Config key 'browser' = 'chrome'
2025-07-15 10:21:38 DEBUG [TestNG-test-debug-1] c.d.s.utils.FrameworkHealthChecker -
				Config key 'baseURL' = 'https://rahulshettyacademy.com/client/'
2025-07-15 10:21:38 INFO  [TestNG-test-debug-1] c.darkuros.selenium.tests.LoginTest -
				LoginTest environment setup complete.
2025-07-15 10:21:38 INFO  [TestNG-test-debug-1] c.d.s.utils.ExtentTestListener -
				Test started: isForgotPasswordLinkWorking
2025-07-15 10:21:38 INFO  [TestNG-test-debug-1] c.d.selenium.pageobjects.BasePage -
				Initializing Page Object: LoginPage
2025-07-15 10:21:38 DEBUG [TestNG-test-debug-1] c.d.selenium.pageobjects.BasePage -
				WebDriver session established for BasePage
2025-07-15 10:21:38 DEBUG [TestNG-test-debug-1] c.d.selenium.pageobjects.BasePage -
				Explicit wait configured with 5 seconds timeout
2025-07-15 10:21:38 INFO  [TestNG-test-debug-1] c.darkuros.selenium.tests.LoginTest -
				Checking if the Forgot Password link is working.
2025-07-15 10:21:38 DEBUG [TestNG-test-debug-1] c.d.selenium.utils.InteractionUtils -
				safeClick executed via WebDriver click
2025-07-15 10:21:38 INFO  [TestNG-test-debug-1] c.d.selenium.pageobjects.LoginPage -
				Forgot password link clicked, navigating to ForgotPasswordPage
2025-07-15 10:21:38 INFO  [TestNG-test-debug-1] c.d.selenium.pageobjects.BasePage -
				Initializing Page Object: ForgotPasswordPage
2025-07-15 10:21:38 DEBUG [TestNG-test-debug-1] c.d.selenium.pageobjects.BasePage -
				WebDriver session established for BasePage
2025-07-15 10:21:38 DEBUG [TestNG-test-debug-1] c.d.selenium.pageobjects.BasePage -
				Explicit wait configured with 5 seconds timeout
2025-07-15 10:21:38 INFO  [TestNG-test-debug-1] c.d.selenium.pageobjects.BasePage -
				Current driver URL: https://rahulshettyacademy.com/client/#/auth/password-new
2025-07-15 10:21:38 INFO  [TestNG-test-debug-1] c.d.selenium.utils.RetryAnalyzer -
				No more retries for test: isForgotPasswordLinkWorking | Thread: 44 | Final Attempt: 2 of 2
2025-07-15 10:21:38 ERROR [TestNG-test-debug-1] c.d.s.utils.ExtentTestListener -
				Test failed: isForgotPasswordLinkWorking | Reason: expected [https://rahulshettyacademy.com/client//auth/password-new] but found [https://rahulshettyacademy.com/client/#/auth/password-new]
2025-07-15 10:21:38 INFO  [TestNG-test-debug-1] com.darkuros.selenium.base.BaseTest -
				📸 Screenshot captured for method 'isForgotPasswordLinkWorking': E:\EclipseProjects\selenium-framework/screenshots/isForgotPasswordLinkWorking_1752555098828.png
2025-07-15 10:21:38 INFO  [TestNG-test-debug-1] c.d.s.utils.ExtentTestListener -
				Screenshot captured: E:\EclipseProjects\selenium-framework/screenshots/isForgotPasswordLinkWorking_1752555098828.png
2025-07-15 10:21:38 INFO  [TestNG-test-debug-1] com.darkuros.selenium.base.BaseTest -
				WebDriver for thread 44 has been quit and removed from ThreadLocal.
2025-07-15 10:21:38 INFO  [main] c.d.s.utils.ExtentTestListener -
				Flushing ExtentReports for suite: DebugSuite
