2025-07-13 16:41:52 INFO  [TestNG-test-debug-3] com.darkuros.selenium.base.BaseTest -
				ThreadLocal WebDriver set for current thread: 50
2025-07-13 16:41:52 INFO  [TestNG-test-debug-3] com.darkuros.selenium.base.BaseTest -
				Implicit wait set to 10 seconds
2025-07-13 16:41:52 INFO  [TestNG-test-debug-3] com.darkuros.selenium.base.BaseTest -
				Current driver URL: https://rahulshettyacademy.com/client/auth/login
2025-07-13 16:41:52 INFO  [TestNG-test-debug-3] c.d.s.utils.FrameworkHealthChecker -
				[ LoginTest.setup() ] WebDriver ready: ChromeDriver: chrome on windows (6d88953c33b6868a16692495ddd3b5f8)
2025-07-13 16:41:52 DEBUG [TestNG-test-debug-3] c.d.s.utils.FrameworkHealthChecker -
				Config key 'browser' = 'chrome'
2025-07-13 16:41:52 DEBUG [TestNG-test-debug-3] c.d.s.utils.FrameworkHealthChecker -
				Config key 'baseURL' = 'https://rahulshettyacademy.com/client/'
2025-07-13 16:41:52 INFO  [TestNG-test-debug-3] c.darkuros.selenium.tests.LoginTest -
				LoginTest environment setup complete.
2025-07-13 16:41:52 INFO  [TestNG-test-debug-3] c.d.s.utils.ExtentTestListener -
				Test started: loginScenarios
2025-07-13 16:41:52 INFO  [TestNG-test-debug-3] c.d.selenium.pageobjects.BasePage -
				Initializing Page Object: LoginPage
2025-07-13 16:41:52 DEBUG [TestNG-test-debug-3] c.d.selenium.pageobjects.BasePage -
				WebDriver session established for BasePage
2025-07-13 16:41:52 DEBUG [TestNG-test-debug-3] c.d.selenium.pageobjects.BasePage -
				Explicit wait configured with 5 seconds timeout
2025-07-13 16:41:52 INFO  [TestNG-test-debug-3] c.d.selenium.pageobjects.LoginPage -
				Logging in with email: dark@uros.com
2025-07-13 16:41:52 INFO  [TestNG-test-debug-3] c.d.selenium.pageobjects.LoginPage -
				Entering email: dark@uros.com
2025-07-13 16:41:52 INFO  [TestNG-test-debug-3] c.d.selenium.pageobjects.LoginPage -
				Entering password: 123@dark
