2025-07-13 16:41:51 INFO  [TestNG-test-debug-3] com.darkuros.selenium.base.BaseTest -
				Current driver URL: https://rahulshettyacademy.com/client/auth/login
2025-07-13 16:41:51 INFO  [TestNG-test-debug-3] c.d.s.utils.FrameworkHealthChecker -
				[ LoginTest.setup() ] WebDriver ready: ChromeDriver: chrome on windows (17c48642b48ae8f040a8bd9f15648198)
2025-07-13 16:41:51 DEBUG [TestNG-test-debug-3] c.d.s.utils.FrameworkHealthChecker -
				Config key 'browser' = 'chrome'
2025-07-13 16:41:51 DEBUG [TestNG-test-debug-3] c.d.s.utils.FrameworkHealthChecker -
				Config key 'baseURL' = 'https://rahulshettyacademy.com/client/'
2025-07-13 16:41:51 INFO  [TestNG-test-debug-3] c.darkuros.selenium.tests.LoginTest -
				LoginTest environment setup complete.
2025-07-13 16:41:51 INFO  [TestNG-test-debug-3] c.d.s.utils.ExtentTestListener -
				Test started: loginScenarios
2025-07-13 16:41:51 INFO  [TestNG-test-debug-3] c.d.selenium.pageobjects.BasePage -
				Initializing Page Object: LoginPage
2025-07-13 16:41:51 DEBUG [TestNG-test-debug-3] c.d.selenium.pageobjects.BasePage -
				WebDriver session established for BasePage
2025-07-13 16:41:51 DEBUG [TestNG-test-debug-3] c.d.selenium.pageobjects.BasePage -
				Explicit wait configured with 5 seconds timeout
2025-07-13 16:41:51 INFO  [TestNG-test-debug-3] c.d.selenium.pageobjects.LoginPage -
				Logging in with email: light@uros.com
2025-07-13 16:41:51 INFO  [TestNG-test-debug-3] c.d.selenium.pageobjects.LoginPage -
				Entering email: light@uros.com
2025-07-13 16:41:51 INFO  [TestNG-test-debug-3] c.d.selenium.pageobjects.LoginPage -
				Entering password: 123@Dark
2025-07-13 16:41:51 DEBUG [TestNG-test-debug-3] c.d.selenium.utils.InteractionUtils -
				safeClick executed via WebDriver click
2025-07-13 16:41:51 INFO  [TestNG-test-debug-3] c.d.selenium.pageobjects.LoginPage -
				Submit button clicked, waiting for login to process
2025-07-13 16:41:51 INFO  [TestNG-test-debug-3] c.d.selenium.pageobjects.LoginPage -
				Login submitted, waiting for landing page to load
2025-07-13 16:41:51 INFO  [TestNG-test-debug-3] c.d.selenium.pageobjects.BasePage -
				Initializing Page Object: LandingPage
2025-07-13 16:41:51 DEBUG [TestNG-test-debug-3] c.d.selenium.pageobjects.BasePage -
				WebDriver session established for BasePage
2025-07-13 16:41:51 DEBUG [TestNG-test-debug-3] c.d.selenium.pageobjects.BasePage -
				Explicit wait configured with 5 seconds timeout
2025-07-13 16:41:51 INFO  [TestNG-test-debug-3] c.d.selenium.pageobjects.LoginPage -
				Fetched toast container text: Incorrect email or password.
2025-07-13 16:41:51 INFO  [TestNG-test-debug-3] c.d.s.utils.ExtentTestListener -
				Test passed: loginScenarios
2025-07-13 16:41:51 INFO  [TestNG-test-debug-3] com.darkuros.selenium.base.BaseTest -
				WebDriver for thread 50 has been quit and removed from ThreadLocal.
2025-07-13 16:41:51 INFO  [TestNG-test-debug-3] c.darkuros.selenium.tests.LoginTest -
				Setting up LoginTest environment.
2025-07-13 16:41:51 INFO  [TestNG-test-debug-3] com.darkuros.selenium.base.BaseTest -
				Test setup initiated with browser: chrome, headless: false, implicitWait: 10
2025-07-13 16:41:51 INFO  [TestNG-test-debug-3] i.g.bonigarcia.wdm.WebDriverManager -
				Using chromedriver 138.0.7204.94 (resolved driver for Chrome 138)
2025-07-13 16:41:51 INFO  [TestNG-test-debug-3] i.g.bonigarcia.wdm.WebDriverManager -
				Exporting webdriver.chrome.driver as C:\Users\abhin.HOME\.cache\selenium\chromedriver\win64\138.0.7204.94\chromedriver.exe
2025-07-13 16:41:51 INFO  [TestNG-test-debug-3] com.darkuros.selenium.base.BaseTest -
				Launching browser: chrome
