2025-07-15 10:02:17 INFO  [TestNG-test-debug-1] com.darkuros.selenium.base.BaseTest -
				Current driver URL: https://rahulshettyacademy.com/client/#/auth/login
2025-07-15 10:02:17 INFO  [TestNG-test-debug-1] c.d.s.utils.FrameworkHealthChecker -
				[ LoginTest.setup() ] WebDriver ready: ChromeDriver: chrome on windows (e5eb1cf81996989a6e81be75d3364c7f)
2025-07-15 10:02:17 DEBUG [TestNG-test-debug-1] c.d.s.utils.FrameworkHealthChecker -
				Config key 'browser' = 'chrome'
2025-07-15 10:02:17 DEBUG [TestNG-test-debug-1] c.d.s.utils.FrameworkHealthChecker -
				Config key 'baseURL' = 'https://rahulshettyacademy.com/client/'
2025-07-15 10:02:17 INFO  [TestNG-test-debug-1] c.darkuros.selenium.tests.LoginTest -
				LoginTest environment setup complete.
2025-07-15 10:02:17 INFO  [TestNG-test-debug-1] c.d.s.utils.ExtentTestListener -
				Test started: isForgotPasswordLinkWorking
2025-07-15 10:02:17 INFO  [TestNG-test-debug-1] c.d.selenium.pageobjects.BasePage -
				Initializing Page Object: LoginPage
2025-07-15 10:02:17 DEBUG [TestNG-test-debug-1] c.d.selenium.pageobjects.BasePage -
				WebDriver session established for BasePage
2025-07-15 10:02:17 DEBUG [TestNG-test-debug-1] c.d.selenium.pageobjects.BasePage -
				Explicit wait configured with 5 seconds timeout
2025-07-15 10:02:17 INFO  [TestNG-test-debug-1] c.darkuros.selenium.tests.LoginTest -
				Checking if the Forgot Password link is working.
2025-07-15 10:02:17 DEBUG [TestNG-test-debug-1] c.d.selenium.utils.InteractionUtils -
				safeClick executed via WebDriver click
2025-07-15 10:02:17 INFO  [TestNG-test-debug-1] c.d.selenium.pageobjects.LoginPage -
				Forgot password link clicked, navigating to ForgotPasswordPage
2025-07-15 10:02:17 INFO  [TestNG-test-debug-1] c.d.selenium.pageobjects.BasePage -
				Initializing Page Object: ForgotPasswordPage
2025-07-15 10:02:17 DEBUG [TestNG-test-debug-1] c.d.selenium.pageobjects.BasePage -
				WebDriver session established for BasePage
2025-07-15 10:02:17 DEBUG [TestNG-test-debug-1] c.d.selenium.pageobjects.BasePage -
				Explicit wait configured with 5 seconds timeout
2025-07-15 10:02:17 INFO  [TestNG-test-debug-1] c.d.selenium.pageobjects.BasePage -
				Current driver URL: https://rahulshettyacademy.com/client/#/auth/password-new
2025-07-15 10:02:17 INFO  [TestNG-test-debug-1] c.darkuros.selenium.tests.LoginTest -
				Forgot Password link is working as expected.
2025-07-15 10:02:17 INFO  [TestNG-test-debug-1] c.d.s.utils.ExtentTestListener -
				Test passed: isForgotPasswordLinkWorking
2025-07-15 10:02:17 INFO  [TestNG-test-debug-1] com.darkuros.selenium.base.BaseTest -
				WebDriver for thread 44 has been quit and removed from ThreadLocal.
2025-07-15 10:02:17 INFO  [main] c.d.s.utils.ExtentTestListener -
				Flushing ExtentReports for suite: DebugSuite
2025-07-15 10:02:17 INFO  [main] org.testng.internal.Utils -
				[TestNG] Time taken by org.testng.reporters.jq.Main@41c89d2f: 34 ms
2025-07-15 10:02:17 INFO  [main] org.testng.internal.Utils -
				[TestNG] Time taken by org.testng.reporters.FailedReporter@1bdbf9be: 1 ms
2025-07-15 10:02:17 INFO  [main] org.testng.internal.Utils -
				[TestNG] Time taken by org.testng.reporters.XMLReporter@2aa27288: 7 ms
2025-07-15 10:02:17 INFO  [main] org.testng.internal.Utils -
				[TestNG] Time taken by org.testng.reporters.EmailableReporter2@49d98dc5: 6 ms
2025-07-15 10:02:17 INFO  [main] org.testng.internal.Utils -
				[TestNG] Time taken by org.testng.reporters.JUnitReportReporter@1654a892: 4 ms
2025-07-15 10:02:17 INFO  [main] org.testng.internal.Utils -
				[TestNG] Time taken by org.testng.internal.ExitCodeListener@2577d6c8: 0 ms
