2025-07-13 16:41:48 INFO  [TestNG-test-debug-3] com.darkuros.selenium.base.BaseTest -
				ThreadLocal WebDriver set for current thread: 50
2025-07-13 16:41:48 INFO  [TestNG-test-debug-2] com.darkuros.selenium.base.BaseTest -
				ThreadLocal WebDriver set for current thread: 49
2025-07-13 16:41:48 INFO  [TestNG-test-debug-1] com.darkuros.selenium.base.BaseTest -
				ThreadLocal WebDriver set for current thread: 48
2025-07-13 16:41:48 INFO  [TestNG-test-debug-3] com.darkuros.selenium.base.BaseTest -
				Implicit wait set to 10 seconds
2025-07-13 16:41:48 INFO  [TestNG-test-debug-1] com.darkuros.selenium.base.BaseTest -
				Implicit wait set to 10 seconds
2025-07-13 16:41:48 INFO  [TestNG-test-debug-2] com.darkuros.selenium.base.BaseTest -
				Implicit wait set to 10 seconds
2025-07-13 16:41:48 INFO  [TestNG-test-debug-3] com.darkuros.selenium.base.BaseTest -
				Current driver URL: https://rahulshettyacademy.com/client/auth/login
2025-07-13 16:41:48 INFO  [TestNG-test-debug-1] com.darkuros.selenium.base.BaseTest -
				Current driver URL: https://rahulshettyacademy.com/client/auth/login
2025-07-13 16:41:48 INFO  [TestNG-test-debug-3] c.d.s.utils.FrameworkHealthChecker -
				[ LoginTest.setup() ] WebDriver ready: ChromeDriver: chrome on windows (27b9ce1549c4ded7700ec4bdbe0fac2a)
2025-07-13 16:41:48 INFO  [TestNG-test-debug-1] c.d.s.utils.FrameworkHealthChecker -
				[ LoginTest.setup() ] WebDriver ready: ChromeDriver: chrome on windows (0aea9d7adc24a89f673a3df9dde6b132)
2025-07-13 16:41:48 DEBUG [TestNG-test-debug-3] c.d.s.utils.FrameworkHealthChecker -
				Config key 'browser' = 'chrome'
2025-07-13 16:41:48 DEBUG [TestNG-test-debug-1] c.d.s.utils.FrameworkHealthChecker -
				Config key 'browser' = 'chrome'
2025-07-13 16:41:48 DEBUG [TestNG-test-debug-3] c.d.s.utils.FrameworkHealthChecker -
				Config key 'baseURL' = 'https://rahulshettyacademy.com/client/'
2025-07-13 16:41:48 DEBUG [TestNG-test-debug-1] c.d.s.utils.FrameworkHealthChecker -
				Config key 'baseURL' = 'https://rahulshettyacademy.com/client/'
2025-07-13 16:41:48 INFO  [TestNG-test-debug-3] c.darkuros.selenium.tests.LoginTest -
				LoginTest environment setup complete.
2025-07-13 16:41:48 INFO  [TestNG-test-debug-1] c.darkuros.selenium.tests.LoginTest -
				LoginTest environment setup complete.
2025-07-13 16:41:48 INFO  [TestNG-test-debug-3] c.d.s.utils.ExtentTestListener -
				Test started: loginScenarios
2025-07-13 16:41:48 INFO  [TestNG-test-debug-1] c.d.s.utils.ExtentTestListener -
				Test started: isForgotPasswordLinkWorking
2025-07-13 16:41:48 INFO  [TestNG-test-debug-3] c.d.selenium.pageobjects.BasePage -
				Initializing Page Object: LoginPage
2025-07-13 16:41:48 INFO  [TestNG-test-debug-1] c.d.selenium.pageobjects.BasePage -
				Initializing Page Object: LoginPage
2025-07-13 16:41:48 DEBUG [TestNG-test-debug-3] c.d.selenium.pageobjects.BasePage -
				WebDriver session established for BasePage
2025-07-13 16:41:48 DEBUG [TestNG-test-debug-1] c.d.selenium.pageobjects.BasePage -
				WebDriver session established for BasePage
2025-07-13 16:41:48 DEBUG [TestNG-test-debug-3] c.d.selenium.pageobjects.BasePage -
				Explicit wait configured with 5 seconds timeout
2025-07-13 16:41:48 DEBUG [TestNG-test-debug-1] c.d.selenium.pageobjects.BasePage -
				Explicit wait configured with 5 seconds timeout
2025-07-13 16:41:48 INFO  [TestNG-test-debug-1] c.darkuros.selenium.tests.LoginTest -
				Checking if the Forgot Password link is working.
2025-07-13 16:41:48 INFO  [TestNG-test-debug-3] c.d.selenium.pageobjects.LoginPage -
				Logging in with email: dark@uros.com
2025-07-13 16:41:48 INFO  [TestNG-test-debug-3] c.d.selenium.pageobjects.LoginPage -
				Entering email: dark@uros.com
2025-07-13 16:41:48 INFO  [TestNG-test-debug-3] c.d.selenium.pageobjects.LoginPage -
				Entering password: 123@Dark
2025-07-13 16:41:48 DEBUG [TestNG-test-debug-1] c.d.selenium.utils.InteractionUtils -
				safeClick executed via WebDriver click
2025-07-13 16:41:48 INFO  [TestNG-test-debug-1] c.d.selenium.pageobjects.LoginPage -
				Forgot password link clicked, navigating to ForgotPasswordPage
2025-07-13 16:41:48 INFO  [TestNG-test-debug-1] c.d.selenium.pageobjects.BasePage -
				Initializing Page Object: ForgotPasswordPage
2025-07-13 16:41:48 DEBUG [TestNG-test-debug-1] c.d.selenium.pageobjects.BasePage -
				WebDriver session established for BasePage
2025-07-13 16:41:48 DEBUG [TestNG-test-debug-1] c.d.selenium.pageobjects.BasePage -
				Explicit wait configured with 5 seconds timeout
2025-07-13 16:41:48 INFO  [TestNG-test-debug-1] c.d.selenium.pageobjects.BasePage -
				Current driver URL: https://rahulshettyacademy.com/client/auth/password-new
2025-07-13 16:41:48 INFO  [TestNG-test-debug-1] c.darkuros.selenium.tests.LoginTest -
				Forgot Password link is working as expected.
2025-07-13 16:41:48 INFO  [TestNG-test-debug-1] c.d.s.utils.ExtentTestListener -
				Test passed: isForgotPasswordLinkWorking
2025-07-13 16:41:48 INFO  [TestNG-test-debug-1] com.darkuros.selenium.base.BaseTest -
				WebDriver for thread 48 has been quit and removed from ThreadLocal.
2025-07-13 16:41:48 DEBUG [TestNG-test-debug-3] c.d.selenium.utils.InteractionUtils -
				safeClick executed via WebDriver click
2025-07-13 16:41:48 INFO  [TestNG-test-debug-3] c.d.selenium.pageobjects.LoginPage -
				Submit button clicked, waiting for login to process
2025-07-13 16:41:48 INFO  [TestNG-test-debug-3] c.d.selenium.pageobjects.LoginPage -
				Login submitted, waiting for landing page to load
2025-07-13 16:41:48 INFO  [TestNG-test-debug-3] c.d.selenium.pageobjects.BasePage -
				Initializing Page Object: LandingPage
2025-07-13 16:41:48 DEBUG [TestNG-test-debug-3] c.d.selenium.pageobjects.BasePage -
				WebDriver session established for BasePage
2025-07-13 16:41:48 DEBUG [TestNG-test-debug-3] c.d.selenium.pageobjects.BasePage -
				Explicit wait configured with 5 seconds timeout
