2025-07-15 10:02:14 INFO  [main] org.testng.internal.Utils -
				[Utils] MethodGroupsHelper.collectMethodsByGroup() took 0 ms.
2025-07-15 10:02:14 INFO  [main] org.testng.internal.Utils -
				[Utils] MethodGroupsHelper.sortMethods() took 6 ms.
2025-07-15 10:02:14 INFO  [main] org.testng.internal.Utils -
				[Utils] MethodGroupsHelper.collectMethodsByGroup() took 0 ms.
2025-07-15 10:02:14 INFO  [main] org.testng.internal.Utils -
				[Utils] MethodGroupsHelper.sortMethods() took 0 ms.
2025-07-15 10:02:14 INFO  [main] org.testng.internal.Utils -
				[Utils] MethodGroupsHelper.collectMethodsByGroup() took 0 ms.
2025-07-15 10:02:14 INFO  [main] org.testng.internal.Utils -
				[Utils] MethodGroupsHelper.sortMethods() took 0 ms.
2025-07-15 10:02:14 INFO  [main] org.testng.internal.Utils -
				[Utils] MethodGroupsHelper.collectMethodsByGroup() took 0 ms.
2025-07-15 10:02:14 INFO  [main] org.testng.internal.Utils -
				[Utils] MethodGroupsHelper.sortMethods() took 0 ms.
2025-07-15 10:02:14 INFO  [main] org.testng.internal.Utils -
				[Utils] MethodGroupsHelper.collectMethodsByGroup() took 0 ms.
2025-07-15 10:02:14 INFO  [main] org.testng.internal.Utils -
				[Utils] MethodGroupsHelper.sortMethods() took 0 ms.
2025-07-15 10:02:14 INFO  [main] org.testng.internal.Utils -
				[Utils] MethodGroupsHelper.collectMethodsByGroup() took 0 ms.
2025-07-15 10:02:14 INFO  [main] org.testng.internal.Utils -
				[Utils] MethodGroupsHelper.sortMethods() took 0 ms.
2025-07-15 10:02:14 INFO  [main] org.testng.internal.Utils -
				[Utils] MethodGroupsHelper.collectMethodsByGroup() took 0 ms.
2025-07-15 10:02:14 INFO  [main] org.testng.internal.Utils -
				[Utils] MethodGroupsHelper.sortMethods() took 0 ms.
2025-07-15 10:02:14 INFO  [main] org.testng.internal.Utils -
				[Utils] MethodGroupsHelper.collectMethodsByGroup() took 0 ms.
2025-07-15 10:02:14 INFO  [main] org.testng.internal.Utils -
				[Utils] MethodGroupsHelper.sortMethods() took 0 ms.
2025-07-15 10:02:14 INFO  [main] org.testng.internal.Utils -
				[Utils] MethodGroupsHelper.collectMethodsByGroup() took 1 ms.
2025-07-15 10:02:14 INFO  [main] org.testng.internal.Utils -
				[Utils] MethodGroupsHelper.sortMethods() took 5 ms.
2025-07-15 10:02:14 INFO  [main] org.testng.internal.Utils -
				[Utils] MethodGroupsHelper.collectMethodsByGroup() took 0 ms.
2025-07-15 10:02:14 INFO  [main] org.testng.internal.Utils -
				[Utils] MethodGroupsHelper.sortMethods() took 0 ms.
2025-07-15 10:02:14 INFO  [main] org.testng.internal.Utils -
				[Utils] MethodGroupsHelper.collectMethodsByGroup() took 0 ms.
2025-07-15 10:02:14 INFO  [main] org.testng.internal.Utils -
				[Utils] MethodGroupsHelper.sortMethods() took 0 ms.
2025-07-15 10:02:14 INFO  [main] org.testng.internal.Utils -
				[Utils] MethodGroupsHelper.collectMethodsByGroup() took 0 ms.
2025-07-15 10:02:14 INFO  [main] org.testng.internal.Utils -
				[Utils] MethodGroupsHelper.sortMethods() took 0 ms.
2025-07-15 10:02:14 INFO  [main] org.testng.internal.Utils -
				[Utils] MethodGroupsHelper.collectMethodsByGroup() took 0 ms.
2025-07-15 10:02:14 INFO  [main] org.testng.internal.Utils -
				[Utils] MethodGroupsHelper.sortMethods() took 0 ms.
2025-07-15 10:02:14 INFO  [main] org.testng.internal.Utils -
				[Utils] MethodGroupsHelper.collectMethodsByGroup() took 0 ms.
2025-07-15 10:02:14 INFO  [main] org.testng.internal.Utils -
				[Utils] MethodGroupsHelper.sortMethods() took 0 ms.
2025-07-15 10:02:14 INFO  [main] org.testng.internal.Utils -
				[Utils] MethodGroupsHelper.collectMethodsByGroup() took 0 ms.
2025-07-15 10:02:14 INFO  [main] org.testng.internal.Utils -
				[Utils] MethodGroupsHelper.sortMethods() took 0 ms.
2025-07-15 10:02:14 INFO  [main] org.testng.internal.Utils -
				[Utils] MethodGroupsHelper.collectMethodsByGroup() took 0 ms.
2025-07-15 10:02:14 INFO  [main] org.testng.internal.Utils -
				[Utils] MethodGroupsHelper.sortMethods() took 0 ms.
2025-07-15 10:02:14 INFO  [main] org.testng.internal.Utils -
				[Utils] MethodGroupsHelper.collectMethodsByGroup() took 0 ms.
2025-07-15 10:02:14 INFO  [main] org.testng.internal.Utils -
				[Utils] MethodGroupsHelper.sortMethods() took 0 ms.
2025-07-15 10:02:14 INFO  [main] org.testng.internal.Utils -
				[Utils] MethodGroupsHelper.collectMethodsByGroup() took 0 ms.
2025-07-15 10:02:14 INFO  [main] org.testng.internal.Utils -
				[Utils] MethodGroupsHelper.sortMethods() took 0 ms.
2025-07-15 10:02:14 INFO  [main] org.testng.internal.Utils -
				[Utils] MethodGroupsHelper.collectMethodsByGroup() took 0 ms.
2025-07-15 10:02:14 INFO  [main] org.testng.internal.Utils -
				[Utils] MethodGroupsHelper.sortMethods() took 0 ms.
2025-07-15 10:02:14 INFO  [main] org.testng.internal.Utils -
				[Utils] MethodGroupsHelper.collectMethodsByGroup() took 0 ms.
2025-07-15 10:02:14 INFO  [main] org.testng.internal.Utils -
				[Utils] MethodGroupsHelper.sortMethods() took 0 ms.
2025-07-15 10:02:14 INFO  [main] org.testng.internal.Utils -
				[Utils] MethodGroupsHelper.collectMethodsByGroup() took 0 ms.
2025-07-15 10:02:14 INFO  [main] org.testng.internal.Utils -
				[Utils] MethodGroupsHelper.sortMethods() took 0 ms.
2025-07-15 10:02:14 INFO  [main] org.testng.internal.Utils -
				[Utils] MethodGroupsHelper.collectMethodsByGroup() took 0 ms.
2025-07-15 10:02:14 INFO  [main] org.testng.internal.Utils -
				[Utils] MethodGroupsHelper.sortMethods() took 0 ms.
2025-07-15 10:02:14 INFO  [main] org.testng.internal.Utils -
				[Utils] MethodGroupsHelper.collectMethodsByGroup() took 0 ms.
2025-07-15 10:02:14 INFO  [main] org.testng.internal.Utils -
				[Utils] MethodGroupsHelper.sortMethods() took 0 ms.
2025-07-15 10:02:14 INFO  [main] org.testng.internal.Utils -
				[Utils] MethodGroupsHelper.collectMethodsByGroup() took 0 ms.
2025-07-15 10:02:14 INFO  [main] org.testng.internal.Utils -
				[Utils] MethodGroupsHelper.sortMethods() took 0 ms.
2025-07-15 10:02:14 INFO  [main] org.testng.internal.Utils -
				[Utils] MethodGroupsHelper.collectMethodsByGroup() took 0 ms.
2025-07-15 10:02:14 INFO  [main] org.testng.internal.Utils -
				[Utils] MethodGroupsHelper.sortMethods() took 0 ms.
2025-07-15 10:02:14 INFO  [main] org.testng.internal.Utils -
				[Utils] MethodGroupsHelper.collectMethodsByGroup() took 0 ms.
2025-07-15 10:02:14 INFO  [main] org.testng.internal.Utils -
				[Utils] MethodGroupsHelper.sortMethods() took 0 ms.
2025-07-15 10:02:14 INFO  [main] org.testng.internal.Utils -
				[Utils] MethodGroupsHelper.collectMethodsByGroup() took 0 ms.
2025-07-15 10:02:14 INFO  [main] org.testng.internal.Utils -
				[Utils] MethodGroupsHelper.sortMethods() took 0 ms.
2025-07-15 10:02:14 INFO  [main] org.testng.internal.Utils -
				[Utils] MethodGroupsHelper.collectMethodsByGroup() took 0 ms.
2025-07-15 10:02:14 INFO  [main] org.testng.internal.Utils -
				[Utils] MethodGroupsHelper.sortMethods() took 0 ms.
2025-07-15 10:02:14 INFO  [main] org.testng.internal.Utils -
				[Utils] MethodGroupsHelper.collectMethodsByGroup() took 0 ms.
2025-07-15 10:02:14 INFO  [main] org.testng.internal.Utils -
				[Utils] MethodGroupsHelper.sortMethods() took 0 ms.
2025-07-15 10:02:14 INFO  [main] org.testng.internal.Utils -
				[Utils] MethodGroupsHelper.collectMethodsByGroup() took 0 ms.
2025-07-15 10:02:14 INFO  [main] org.testng.internal.Utils -
				[Utils] MethodGroupsHelper.sortMethods() took 0 ms.
2025-07-15 10:02:14 INFO  [main] org.testng.internal.Utils -
				[Utils] MethodGroupsHelper.collectMethodsByGroup() took 0 ms.
2025-07-15 10:02:14 INFO  [main] org.testng.internal.Utils -
				[Utils] MethodGroupsHelper.sortMethods() took 0 ms.
2025-07-15 10:02:14 INFO  [main] org.testng.internal.Utils -
				[Utils] MethodGroupsHelper.collectMethodsByGroup() took 0 ms.
2025-07-15 10:02:14 INFO  [main] org.testng.internal.Utils -
				[Utils] MethodGroupsHelper.sortMethods() took 0 ms.
2025-07-15 10:02:14 INFO  [main] org.testng.internal.Utils -
				[Utils] MethodGroupsHelper.collectMethodsByGroup() took 6 ms.
2025-07-15 10:02:14 INFO  [main] org.testng.internal.Utils -
				[Utils] MethodGroupsHelper.sortMethods() took 0 ms.
2025-07-15 10:02:14 INFO  [main] org.testng.internal.Utils -
				[Utils] MethodGroupsHelper.collectMethodsByGroup() took 0 ms.
2025-07-15 10:02:14 INFO  [main] org.testng.internal.Utils -
				[Utils] MethodGroupsHelper.sortMethods() took 0 ms.
2025-07-15 10:02:14 INFO  [main] org.testng.internal.Utils -
				[Utils] MethodGroupsHelper.collectMethodsByGroup() took 0 ms.
2025-07-15 10:02:14 INFO  [main] org.testng.internal.Utils -
				[Utils] MethodGroupsHelper.sortMethods() took 0 ms.
2025-07-15 10:02:14 INFO  [main] org.testng.internal.Utils -
				[TestNG] Running:
  E:\EclipseProjects\selenium-framework\src\test\resources\debug-testng.xml

2025-07-15 10:02:14 INFO  [main] c.d.s.utils.ExtentTestListener -
				Suite Started: DebugSuite
2025-07-15 10:02:14 INFO  [main] org.testng.internal.Utils -
				[Utils] DynamicGraphHelper.createDynamicGraph() took 1 ms.
2025-07-15 10:02:14 INFO  [main] org.testng.internal.Utils -
				[TestTaskExecutor] Starting executor test 2147483647 with time out: 2147483647 milliseconds.
2025-07-15 10:02:14 INFO  [TestNG-test-debug-1] c.darkuros.selenium.tests.LoginTest -
				Setting up LoginTest environment.
2025-07-15 10:02:14 INFO  [TestNG-test-debug-1] c.d.selenium.utils.ConfigReader -
				Loaded config.properties successfully.
2025-07-15 10:02:14 INFO  [TestNG-test-debug-1] com.darkuros.selenium.base.BaseTest -
				Test setup initiated with browser: chrome, headless: false, implicitWait: 10
2025-07-15 10:02:14 INFO  [TestNG-test-debug-1] i.g.bonigarcia.wdm.WebDriverManager -
				Using chromedriver 138.0.7204.94 (resolved driver for Chrome 138)
2025-07-15 10:02:14 INFO  [TestNG-test-debug-1] i.g.bonigarcia.wdm.WebDriverManager -
				Exporting webdriver.chrome.driver as C:\Users\abhin.HOME\.cache\selenium\chromedriver\win64\138.0.7204.94\chromedriver.exe
2025-07-15 10:02:14 INFO  [TestNG-test-debug-1] com.darkuros.selenium.base.BaseTest -
				Launching browser: chrome
