2025-07-13 16:41:50 INFO  [TestNG-test-debug-3] com.darkuros.selenium.base.BaseTest -
				ThreadLocal WebDriver set for current thread: 50
2025-07-13 16:41:50 INFO  [TestNG-test-debug-3] com.darkuros.selenium.base.BaseTest -
				Implicit wait set to 10 seconds
2025-07-13 16:41:50 INFO  [TestNG-test-debug-2] com.darkuros.selenium.base.BaseTest -
				Current driver URL: https://rahulshettyacademy.com/client/auth/login
2025-07-13 16:41:50 INFO  [TestNG-test-debug-2] c.d.s.utils.FrameworkHealthChecker -
				[ LoginTest.setup() ] WebDriver ready: ChromeDriver: chrome on windows (d114bcd1724046a6660e76e2638e3247)
2025-07-13 16:41:50 DEBUG [TestNG-test-debug-2] c.d.s.utils.FrameworkHealthChecker -
				Config key 'browser' = 'chrome'
2025-07-13 16:41:50 DEBUG [TestNG-test-debug-2] c.d.s.utils.FrameworkHealthChecker -
				Config key 'baseURL' = 'https://rahulshettyacademy.com/client/'
2025-07-13 16:41:50 INFO  [TestNG-test-debug-2] c.darkuros.selenium.tests.LoginTest -
				LoginTest environment setup complete.
2025-07-13 16:41:50 INFO  [TestNG-test-debug-2] c.d.s.utils.ExtentTestListener -
				Test started: isRegisterLinkWorking
2025-07-13 16:41:50 INFO  [TestNG-test-debug-2] c.d.selenium.pageobjects.BasePage -
				Initializing Page Object: LoginPage
2025-07-13 16:41:50 DEBUG [TestNG-test-debug-2] c.d.selenium.pageobjects.BasePage -
				WebDriver session established for BasePage
2025-07-13 16:41:50 DEBUG [TestNG-test-debug-2] c.d.selenium.pageobjects.BasePage -
				Explicit wait configured with 5 seconds timeout
2025-07-13 16:41:50 INFO  [TestNG-test-debug-2] c.darkuros.selenium.tests.LoginTest -
				Checking if the Register link is working.
2025-07-13 16:41:50 DEBUG [TestNG-test-debug-2] c.d.selenium.utils.InteractionUtils -
				safeClick executed via WebDriver click
2025-07-13 16:41:50 INFO  [TestNG-test-debug-2] c.d.selenium.pageobjects.LoginPage -
				Register link clicked, navigating to RegisterPage
2025-07-13 16:41:50 INFO  [TestNG-test-debug-2] c.d.selenium.pageobjects.BasePage -
				Initializing Page Object: RegisterPage
2025-07-13 16:41:50 DEBUG [TestNG-test-debug-2] c.d.selenium.pageobjects.BasePage -
				WebDriver session established for BasePage
2025-07-13 16:41:50 DEBUG [TestNG-test-debug-2] c.d.selenium.pageobjects.BasePage -
				Explicit wait configured with 5 seconds timeout
2025-07-13 16:41:50 INFO  [TestNG-test-debug-2] c.d.selenium.pageobjects.BasePage -
				Current driver URL: https://rahulshettyacademy.com/client/auth/register
2025-07-13 16:41:50 INFO  [TestNG-test-debug-2] c.darkuros.selenium.tests.LoginTest -
				Register link is working as expected.
2025-07-13 16:41:50 INFO  [TestNG-test-debug-2] c.d.s.utils.ExtentTestListener -
				Test passed: isRegisterLinkWorking
2025-07-13 16:41:50 INFO  [TestNG-test-debug-2] com.darkuros.selenium.base.BaseTest -
				WebDriver for thread 49 has been quit and removed from ThreadLocal.
