2025-07-15 11:10:41 INFO  [TestNG-test-debug-1] com.darkuros.selenium.base.BaseTest -
				ThreadLocal WebDriver set for current thread: 44
2025-07-15 11:10:41 INFO  [TestNG-test-debug-1] com.darkuros.selenium.base.BaseTest -
				Implicit wait set to 10 seconds
2025-07-15 11:10:41 INFO  [TestNG-test-debug-1] com.darkuros.selenium.base.BaseTest -
				Current driver URL: https://rahulshettyacademy.com/client/#/auth/login
2025-07-15 11:10:41 INFO  [TestNG-test-debug-1] c.d.s.utils.FrameworkHealthChecker -
				[ LoginTest.setup() ] WebDriver ready: ChromeDriver: chrome on windows (1c50bde6cc954c4a5fb6487436e8d953)
2025-07-15 11:10:41 DEBUG [TestNG-test-debug-1] c.d.s.utils.FrameworkHealthChecker -
				Config key 'browser' = 'chrome'
2025-07-15 11:10:41 DEBUG [TestNG-test-debug-1] c.d.s.utils.FrameworkHealthChecker -
				Config key 'baseURL' = 'https://rahulshettyacademy.com/client/'
2025-07-15 11:10:41 INFO  [TestNG-test-debug-1] c.darkuros.selenium.tests.LoginTest -
				LoginTest environment setup complete.
2025-07-15 11:10:41 INFO  [TestNG-test-debug-1] c.d.s.utils.ExtentTestListener -
				Test started: isForgotPasswordLinkWorking
2025-07-15 11:10:41 INFO  [TestNG-test-debug-1] c.d.selenium.pageobjects.BasePage -
				Initializing Page Object: LoginPage
2025-07-15 11:10:41 DEBUG [TestNG-test-debug-1] c.d.selenium.pageobjects.BasePage -
				WebDriver session established for BasePage
2025-07-15 11:10:41 DEBUG [TestNG-test-debug-1] c.d.selenium.pageobjects.BasePage -
				Explicit wait configured with 5 seconds timeout
2025-07-15 11:10:41 INFO  [TestNG-test-debug-1] c.darkuros.selenium.tests.LoginTest -
				Checking if the Forgot Password link is working.
2025-07-15 11:10:41 DEBUG [TestNG-test-debug-1] c.d.selenium.utils.InteractionUtils -
				safeClick executed via WebDriver click
2025-07-15 11:10:41 INFO  [TestNG-test-debug-1] c.d.selenium.pageobjects.LoginPage -
				Forgot password link clicked, navigating to ForgotPasswordPage
2025-07-15 11:10:41 INFO  [TestNG-test-debug-1] c.d.selenium.pageobjects.BasePage -
				Initializing Page Object: ForgotPasswordPage
2025-07-15 11:10:41 DEBUG [TestNG-test-debug-1] c.d.selenium.pageobjects.BasePage -
				WebDriver session established for BasePage
2025-07-15 11:10:41 DEBUG [TestNG-test-debug-1] c.d.selenium.pageobjects.BasePage -
				Explicit wait configured with 5 seconds timeout
2025-07-15 11:10:41 INFO  [TestNG-test-debug-1] c.d.selenium.pageobjects.BasePage -
				Current driver URL: https://rahulshettyacademy.com/client/#/auth/password-new
2025-07-15 11:10:41 INFO  [TestNG-test-debug-1] c.darkuros.selenium.tests.LoginTest -
				Forgot Password link is working as expected.
2025-07-15 11:10:41 INFO  [TestNG-test-debug-1] c.d.s.utils.ExtentTestListener -
				Test passed: isForgotPasswordLinkWorking
2025-07-15 11:10:41 INFO  [TestNG-test-debug-1] com.darkuros.selenium.base.BaseTest -
				WebDriver for thread 44 has been quit and removed from ThreadLocal.
2025-07-15 11:10:41 INFO  [main] c.d.s.utils.ExtentTestListener -
				Flushing ExtentReports for suite: Regression
2025-07-15 11:10:41 INFO  [main] org.testng.internal.Utils -
				[TestNG] Time taken by org.testng.reporters.jq.Main@62d0ac62: 30 ms
2025-07-15 11:10:41 INFO  [main] org.testng.internal.Utils -
				[TestNG] Time taken by org.testng.reporters.FailedReporter@3003697: 1 ms
2025-07-15 11:10:41 INFO  [main] org.testng.internal.Utils -
				[TestNG] Time taken by org.testng.reporters.XMLReporter@304a9d7b: 4 ms
2025-07-15 11:10:41 INFO  [main] org.testng.internal.Utils -
				[TestNG] Time taken by org.testng.reporters.EmailableReporter2@109f5dd8: 4 ms
2025-07-15 11:10:41 INFO  [main] org.testng.internal.Utils -
				[TestNG] Time taken by org.testng.reporters.JUnitReportReporter@49d98dc5: 3 ms
2025-07-15 11:10:41 INFO  [main] org.testng.internal.Utils -
				[TestNG] Time taken by org.testng.internal.ExitCodeListener@2c30b71f: 0 ms
