2025-07-13 16:41:46 INFO  [main] org.testng.internal.Utils -
				[XmlSuite] [WARN] 'parallel' value 'true' is no longer valid, defaulting to 'methods'.
2025-07-13 16:41:46 INFO  [main] org.testng.internal.Utils -
				[Utils] MethodGroupsHelper.collectMethodsByGroup() took 1 ms.
2025-07-13 16:41:46 INFO  [main] org.testng.internal.Utils -
				[Utils] MethodGroupsHelper.sortMethods() took 0 ms.
2025-07-13 16:41:46 INFO  [main] org.testng.internal.Utils -
				[Utils] MethodGroupsHelper.collectMethodsByGroup() took 0 ms.
2025-07-13 16:41:46 INFO  [main] org.testng.internal.Utils -
				[Utils] MethodGroupsHelper.sortMethods() took 0 ms.
2025-07-13 16:41:46 INFO  [main] org.testng.internal.Utils -
				[Utils] MethodGroupsHelper.collectMethodsByGroup() took 0 ms.
2025-07-13 16:41:46 INFO  [main] org.testng.internal.Utils -
				[Utils] MethodGroupsHelper.sortMethods() took 0 ms.
2025-07-13 16:41:46 INFO  [main] org.testng.internal.Utils -
				[Utils] MethodGroupsHelper.collectMethodsByGroup() took 0 ms.
2025-07-13 16:41:46 INFO  [main] org.testng.internal.Utils -
				[Utils] MethodGroupsHelper.sortMethods() took 0 ms.
2025-07-13 16:41:46 INFO  [main] org.testng.internal.Utils -
				[Utils] MethodGroupsHelper.collectMethodsByGroup() took 0 ms.
2025-07-13 16:41:46 INFO  [main] org.testng.internal.Utils -
				[Utils] MethodGroupsHelper.sortMethods() took 0 ms.
2025-07-13 16:41:46 INFO  [main] org.testng.internal.Utils -
				[Utils] MethodGroupsHelper.collectMethodsByGroup() took 0 ms.
2025-07-13 16:41:46 INFO  [main] org.testng.internal.Utils -
				[Utils] MethodGroupsHelper.sortMethods() took 0 ms.
2025-07-13 16:41:46 INFO  [main] org.testng.internal.Utils -
				[Utils] MethodGroupsHelper.collectMethodsByGroup() took 0 ms.
2025-07-13 16:41:46 INFO  [main] org.testng.internal.Utils -
				[Utils] MethodGroupsHelper.sortMethods() took 0 ms.
2025-07-13 16:41:46 INFO  [main] org.testng.internal.Utils -
				[Utils] MethodGroupsHelper.collectMethodsByGroup() took 0 ms.
2025-07-13 16:41:46 INFO  [main] org.testng.internal.Utils -
				[Utils] MethodGroupsHelper.sortMethods() took 0 ms.
2025-07-13 16:41:46 INFO  [main] org.testng.internal.Utils -
				[Utils] MethodGroupsHelper.collectMethodsByGroup() took 0 ms.
2025-07-13 16:41:46 INFO  [main] org.testng.internal.Utils -
				[Utils] MethodGroupsHelper.sortMethods() took 12 ms.
2025-07-13 16:41:46 INFO  [main] org.testng.internal.Utils -
				[Utils] MethodGroupsHelper.collectMethodsByGroup() took 0 ms.
2025-07-13 16:41:46 INFO  [main] org.testng.internal.Utils -
				[Utils] MethodGroupsHelper.sortMethods() took 0 ms.
2025-07-13 16:41:46 INFO  [main] org.testng.internal.Utils -
				[Utils] MethodGroupsHelper.collectMethodsByGroup() took 0 ms.
2025-07-13 16:41:46 INFO  [main] org.testng.internal.Utils -
				[Utils] MethodGroupsHelper.sortMethods() took 0 ms.
2025-07-13 16:41:46 INFO  [main] org.testng.internal.Utils -
				[Utils] MethodGroupsHelper.collectMethodsByGroup() took 0 ms.
2025-07-13 16:41:46 INFO  [main] org.testng.internal.Utils -
				[Utils] MethodGroupsHelper.sortMethods() took 0 ms.
2025-07-13 16:41:46 INFO  [main] org.testng.internal.Utils -
				[Utils] MethodGroupsHelper.collectMethodsByGroup() took 3 ms.
2025-07-13 16:41:46 INFO  [main] org.testng.internal.Utils -
				[Utils] MethodGroupsHelper.sortMethods() took 2 ms.
2025-07-13 16:41:46 INFO  [main] org.testng.internal.Utils -
				[Utils] MethodGroupsHelper.collectMethodsByGroup() took 0 ms.
2025-07-13 16:41:46 INFO  [main] org.testng.internal.Utils -
				[Utils] MethodGroupsHelper.sortMethods() took 0 ms.
2025-07-13 16:41:46 INFO  [main] org.testng.internal.Utils -
				[Utils] MethodGroupsHelper.collectMethodsByGroup() took 0 ms.
2025-07-13 16:41:46 INFO  [main] org.testng.internal.Utils -
				[Utils] MethodGroupsHelper.sortMethods() took 0 ms.
2025-07-13 16:41:46 INFO  [main] org.testng.internal.Utils -
				[TestNG] Running:
  E:\EclipseProjects\selenium-framework\src\test\resources\debug-testng.xml

2025-07-13 16:41:46 INFO  [main] c.d.s.utils.ExtentTestListener -
				Suite Started: DebugSuite
2025-07-13 16:41:46 INFO  [main] org.testng.internal.Utils -
				[Utils] DynamicGraphHelper.createDynamicGraph() took 1 ms.
2025-07-13 16:41:46 INFO  [main] org.testng.internal.Utils -
				[TestTaskExecutor] Starting executor test 2147483647 with time out: 2147483647 milliseconds.
2025-07-13 16:41:46 INFO  [TestNG-test-debug-3] c.darkuros.selenium.tests.LoginTest -
				Setting up LoginTest environment.
2025-07-13 16:41:46 INFO  [TestNG-test-debug-1] c.darkuros.selenium.tests.LoginTest -
				Setting up LoginTest environment.
2025-07-13 16:41:46 INFO  [TestNG-test-debug-2] c.darkuros.selenium.tests.LoginTest -
				Setting up LoginTest environment.
2025-07-13 16:41:46 INFO  [TestNG-test-debug-3] c.d.selenium.utils.ConfigReader -
				Loaded config.properties successfully.
2025-07-13 16:41:46 INFO  [TestNG-test-debug-3] com.darkuros.selenium.base.BaseTest -
				Test setup initiated with browser: chrome, headless: false, implicitWait: 10
2025-07-13 16:41:46 INFO  [TestNG-test-debug-1] com.darkuros.selenium.base.BaseTest -
				Test setup initiated with browser: chrome, headless: false, implicitWait: 10
2025-07-13 16:41:46 INFO  [TestNG-test-debug-2] com.darkuros.selenium.base.BaseTest -
				Test setup initiated with browser: chrome, headless: false, implicitWait: 10
